2022-12-08 09:44:40,042 :INFO :utilities.BaseClass :$$$login test case started$$$
2022-12-08 09:44:45,774 :INFO :utilities.BaseClass :$$$login test case ended$$$
2022-12-08 09:44:49,204 :INFO :utilities.BaseClass :$$$forgot Password test case started$$$
2022-12-08 09:44:49,204 :INFO :utilities.BaseClass :$$$forgot Password test case started$$$
2022-12-08 09:45:00,141 :INFO :utilities.BaseClass :$$$forgot password test case ended$$$
2022-12-08 09:45:00,141 :INFO :utilities.BaseClass :$$$forgot password test case ended$$$
2022-12-08 10:07:24,564 :INFO :utilities.BaseClass :$$$login test case started$$$
2022-12-08 10:07:34,733 :INFO :utilities.BaseClass :$$$login test case ended$$$
2022-12-08 10:07:37,986 :INFO :utilities.BaseClass :$$$forgot Password test case started$$$
2022-12-08 10:07:37,986 :INFO :utilities.BaseClass :$$$forgot Password test case started$$$
2022-12-08 10:07:51,724 :INFO :utilities.BaseClass :$$$forgot password test case ended$$$
2022-12-08 10:07:51,724 :INFO :utilities.BaseClass :$$$forgot password test case ended$$$
2022-12-08 11:13:44,782 :INFO :test_login :$$$login test case started$$$
2022-12-08 11:13:51,057 :INFO :test_login :$$$login test case ended$$$
2022-12-08 11:13:54,325 :INFO :test_forgot_password :$$$forgot Password test case started$$$
2022-12-08 11:14:05,312 :INFO :test_forgot_password :$$$forgot password test case ended$$$
2022-12-08 11:23:41,846 :INFO :test_login :$$$login test case started$$$
2022-12-08 11:23:50,094 :INFO :test_login :$$$login test case ended$$$
2022-12-08 11:23:53,371 :INFO :test_forgot_password :$$$forgot Password test case started$$$
2022-12-08 11:24:03,671 :INFO :test_forgot_password :$$$forgot password test case ended$$$
2022-12-09 07:42:12,233 :INFO :test_login :$$$login test case started$$$
2022-12-09 07:42:17,942 :INFO :test_login :$$$login test case ended$$$
2022-12-09 07:42:21,367 :INFO :test_forgot_password :$$$forgot Password test case started$$$
2022-12-09 07:42:32,840 :INFO :test_forgot_password :$$$forgot password test case ended$$$
2022-12-09 08:21:57,113 :INFO :test_login :$$$login test case started$$$
2022-12-09 08:22:02,746 :INFO :test_login :$$$login test case ended$$$
2022-12-09 08:22:06,146 :INFO :test_forgot_password :$$$forgot Password test case started$$$
2022-12-09 08:22:17,796 :INFO :test_forgot_password :$$$forgot password test case ended$$$
